<?xml version="1.0" encoding="UTF-8"?>
<testsuite xmlns:xsi="http://www.w3.org/2001/XMLSchema-instance" xsi:noNamespaceSchemaLocation="https://maven.apache.org/surefire/maven-surefire-plugin/xsd/surefire-test-report.xsd" name="PrivateBankTest" time="0.12" tests="7" errors="0" skipped="0" failures="0">
  <properties>
[...]
</properties>
  <testcase name="TestCreateAccount" classname="PrivateBankTest" time="0.066"/>
  <testcase name="TestEquals" classname="PrivateBankTest" time="0.009"/>
  <testcase name="TestCreateAccountWithTransactions" classname="PrivateBankTest" time="0.014"/>
  <testcase name="TestRemoveTransaction" classname="PrivateBankTest" time="0.009"/>
  <testcase name="TestGetAccountBalance" classname="PrivateBankTest" time="0.006"/>
  <testcase name="TestAddTransactions" classname="PrivateBankTest" time="0.007"/>
  <testcase name="TestContainsTransaction" classname="PrivateBankTest" time="0.005"/>
</testsuite>